# JRE version: OpenJDK Runtime Environment (15.0.2+7) (build 15.0.2+7-27)
# Java VM: OpenJDK 64-Bit Server VM (15.0.2+7-27, mixed mode, tiered, compressed oops, g1 gc, windows-amd64)
GC Precious Log:
 CPUs: 2 total, 2 available
 Memory: 7567M
 Large Page Support: Disabled
 NUMA Support: Disabled
 Compressed Oops: Enabled (32-bit)
 Heap Region Size: 1M
 Heap Min Capacity: 8M
 Heap Initial Capacity: 120M
 Heap Max Capacity: 1892M
 Pre-touch: Disabled
 Parallel Workers: 2
 Concurrent Workers: 1
 Concurrent Refinement Workers: 2
 Periodic GC: Disabled
Heap:
 garbage-first heap   total 96256K, used 47008K [0x0000000089c00000, 0x0000000100000000)
  region size 1024K, 21 young (21504K), 4 survivors (4096K)
 Metaspace       used 71942K, capacity 72665K, committed 72860K, reserved 1112064K
  class space    used 9149K, capacity 9422K, committed 9452K, reserved 1048576K
GC Heap History (20 events):
Event: 13.415 GC heap before
{Heap before GC invocations=24 (full 0):
 garbage-first heap   total 66560K, used 55054K [0x0000000089c00000, 0x0000000100000000)
  region size 1024K, 39 young (39936K), 2 survivors (2048K)
 Metaspace       used 42134K, capacity 42670K, committed 42928K, reserved 1087488K
  class space    used 5083K, capacity 5267K, committed 5376K, reserved 1048576K
}
Event: 13.428 GC heap after
{Heap after GC invocations=25 (full 0):
 garbage-first heap   total 66560K, used 18121K [0x0000000089c00000, 0x0000000100000000)
  region size 1024K, 3 young (3072K), 3 survivors (3072K)
 Metaspace       used 42134K, capacity 42670K, committed 42928K, reserved 1087488K
  class space    used 5083K, capacity 5267K, committed 5376K, reserved 1048576K
}
Event: 14.517 GC heap before
{Heap before GC invocations=25 (full 0):
 garbage-first heap   total 66560K, used 53961K [0x0000000089c00000, 0x0000000100000000)
  region size 1024K, 39 young (39936K), 3 survivors (3072K)
 Metaspace       used 46266K, capacity 46775K, committed 46896K, reserved 1089536K
  class space    used 5746K, capacity 5909K, committed 6016K, reserved 1048576K
}
Event: 14.527 GC heap after
{Heap after GC invocations=26 (full 0):
 garbage-first heap   total 66560K, used 18759K [0x0000000089c00000, 0x0000000100000000)
  region size 1024K, 3 young (3072K), 3 survivors (3072K)
 Metaspace       used 46266K, capacity 46775K, committed 46896K, reserved 1089536K
  class space    used 5746K, capacity 5909K, committed 6016K, reserved 1048576K
}
Event: 16.413 GC heap before
{Heap before GC invocations=26 (full 0):
 garbage-first heap   total 66560K, used 54599K [0x0000000089c00000, 0x0000000100000000)
  region size 1024K, 38 young (38912K), 3 survivors (3072K)
 Metaspace       used 51006K, capacity 51474K, committed 51760K, reserved 1095680K
  class space    used 6340K, capacity 6491K, committed 6528K, reserved 1048576K
}
Event: 16.430 GC heap after
{Heap after GC invocations=27 (full 0):
 garbage-first heap   total 79872K, used 19973K [0x0000000089c00000, 0x0000000100000000)
  region size 1024K, 4 young (4096K), 4 survivors (4096K)
 Metaspace       used 51006K, capacity 51474K, committed 51760K, reserved 1095680K
  class space    used 6340K, capacity 6491K, committed 6528K, reserved 1048576K
}
Event: 21.718 GC heap before
{Heap before GC invocations=27 (full 0):
 garbage-first heap   total 79872K, used 62981K [0x0000000089c00000, 0x0000000100000000)
  region size 1024K, 46 young (47104K), 4 survivors (4096K)
 Metaspace       used 55025K, capacity 55674K, committed 55984K, reserved 1097728K
  class space    used 6863K, capacity 7048K, committed 7168K, reserved 1048576K
}
Event: 21.735 GC heap after
{Heap after GC invocations=28 (full 0):
 garbage-first heap   total 79872K, used 22084K [0x0000000089c00000, 0x0000000100000000)
  region size 1024K, 6 young (6144K), 6 survivors (6144K)
 Metaspace       used 55025K, capacity 55674K, committed 55984K, reserved 1097728K
  class space    used 6863K, capacity 7048K, committed 7168K, reserved 1048576K
}
Event: 23.468 GC heap before
{Heap before GC invocations=28 (full 0):
 garbage-first heap   total 79872K, used 62020K [0x0000000089c00000, 0x0000000100000000)
  region size 1024K, 46 young (47104K), 6 survivors (6144K)
 Metaspace       used 58736K, capacity 59381K, committed 59568K, reserved 1101824K
  class space    used 7461K, capacity 7662K, committed 7680K, reserved 1048576K
}
Event: 23.485 GC heap after
{Heap after GC invocations=29 (full 0):
 garbage-first heap   total 79872K, used 22683K [0x0000000089c00000, 0x0000000100000000)
  region size 1024K, 3 young (3072K), 3 survivors (3072K)
 Metaspace       used 58736K, capacity 59381K, committed 59568K, reserved 1101824K
  class space    used 7461K, capacity 7662K, committed 7680K, reserved 1048576K
}
Event: 24.563 GC heap before
{Heap before GC invocations=29 (full 0):
 garbage-first heap   total 79872K, used 59547K [0x0000000089c00000, 0x0000000100000000)
  region size 1024K, 40 young (40960K), 3 survivors (3072K)
 Metaspace       used 59611K, capacity 60179K, committed 60208K, reserved 1101824K
  class space    used 7570K, capacity 7799K, committed 7808K, reserved 1048576K
}
Event: 24.574 GC heap after
{Heap after GC invocations=30 (full 0):
 garbage-first heap   total 79872K, used 23437K [0x0000000089c00000, 0x0000000100000000)
  region size 1024K, 4 young (4096K), 4 survivors (4096K)
 Metaspace       used 59611K, capacity 60179K, committed 60208K, reserved 1101824K
  class space    used 7570K, capacity 7799K, committed 7808K, reserved 1048576K
}
Event: 26.388 GC heap before
{Heap before GC invocations=31 (full 0):
 garbage-first heap   total 79872K, used 66445K [0x0000000089c00000, 0x0000000100000000)
  region size 1024K, 46 young (47104K), 4 survivors (4096K)
 Metaspace       used 62974K, capacity 63655K, committed 63772K, reserved 1105920K
  class space    used 7973K, capacity 8197K, committed 8300K, reserved 1048576K
}
Event: 26.404 GC heap after
{Heap after GC invocations=32 (full 0):
 garbage-first heap   total 79872K, used 25159K [0x0000000089c00000, 0x0000000100000000)
  region size 1024K, 4 young (4096K), 4 survivors (4096K)
 Metaspace       used 62974K, capacity 63655K, committed 63772K, reserved 1105920K
  class space    used 7973K, capacity 8197K, committed 8300K, reserved 1048576K
}
Event: 28.173 GC heap before
{Heap before GC invocations=32 (full 0):
 garbage-first heap   total 79872K, used 66119K [0x0000000089c00000, 0x0000000100000000)
  region size 1024K, 44 young (45056K), 4 survivors (4096K)
 Metaspace       used 64615K, capacity 65311K, committed 65436K, reserved 1105920K
  class space    used 8205K, capacity 8415K, committed 8428K, reserved 1048576K
}
Event: 28.191 GC heap after
{Heap after GC invocations=33 (full 0):
 garbage-first heap   total 96256K, used 27798K [0x0000000089c00000, 0x0000000100000000)
  region size 1024K, 6 young (6144K), 6 survivors (6144K)
 Metaspace       used 64615K, capacity 65311K, committed 65436K, reserved 1105920K
  class space    used 8205K, capacity 8415K, committed 8428K, reserved 1048576K
}
Event: 30.966 GC heap before
{Heap before GC invocations=33 (full 0):
 garbage-first heap   total 96256K, used 78998K [0x0000000089c00000, 0x0000000100000000)
  region size 1024K, 56 young (57344K), 6 survivors (6144K)
 Metaspace       used 68288K, capacity 69017K, committed 69276K, reserved 1110016K
  class space    used 8676K, capacity 8919K, committed 8940K, reserved 1048576K
}
Event: 30.992 GC heap after
{Heap after GC invocations=34 (full 0):
 garbage-first heap   total 96256K, used 29849K [0x0000000089c00000, 0x0000000100000000)
  region size 1024K, 5 young (5120K), 5 survivors (5120K)
 Metaspace       used 68288K, capacity 69017K, committed 69276K, reserved 1110016K
  class space    used 8676K, capacity 8919K, committed 8940K, reserved 1048576K
}
Event: 186.533 GC heap before
{Heap before GC invocations=34 (full 0):
 garbage-first heap   total 96256K, used 76953K [0x0000000089c00000, 0x0000000100000000)
  region size 1024K, 52 young (53248K), 5 survivors (5120K)
 Metaspace       used 71854K, capacity 72615K, committed 72860K, reserved 1112064K
  class space    used 9139K, capacity 9386K, committed 9452K, reserved 1048576K
}
Event: 186.556 GC heap after
{Heap after GC invocations=35 (full 0):
 garbage-first heap   total 96256K, used 30624K [0x0000000089c00000, 0x0000000100000000)
  region size 1024K, 4 young (4096K), 4 survivors (4096K)
 Metaspace       used 71854K, capacity 72615K, committed 72860K, reserved 1112064K
  class space    used 9139K, capacity 9386K, committed 9452K, reserved 1048576K
}

